mode: set
github.com/jamestunnell/go-musicality/notation/pitch/freq.go:12.48,14.2 1 1
github.com/jamestunnell/go-musicality/notation/pitch/freq.go:16.49,18.2 1 1
github.com/jamestunnell/go-musicality/notation/pitch/parse.go:25.43,26.17 1 1
github.com/jamestunnell/go-musicality/notation/pitch/parse.go:30.2,31.12 2 1
github.com/jamestunnell/go-musicality/notation/pitch/parse.go:35.2,35.16 1 1
github.com/jamestunnell/go-musicality/notation/pitch/parse.go:50.2,50.22 1 1
github.com/jamestunnell/go-musicality/notation/pitch/parse.go:26.17,28.3 1 1
github.com/jamestunnell/go-musicality/notation/pitch/parse.go:31.12,33.3 1 1
github.com/jamestunnell/go-musicality/notation/pitch/parse.go:36.9,36.9 0 1
github.com/jamestunnell/go-musicality/notation/pitch/parse.go:37.9,38.21 1 1
github.com/jamestunnell/go-musicality/notation/pitch/parse.go:46.10,47.54 1 1
github.com/jamestunnell/go-musicality/notation/pitch/parse.go:39.12,40.14 1 1
github.com/jamestunnell/go-musicality/notation/pitch/parse.go:41.12,42.14 1 1
github.com/jamestunnell/go-musicality/notation/pitch/parse.go:43.11,44.63 1 1
github.com/jamestunnell/go-musicality/notation/pitch/parse.go:53.56,54.17 1 1
github.com/jamestunnell/go-musicality/notation/pitch/parse.go:58.2,59.12 2 1
github.com/jamestunnell/go-musicality/notation/pitch/parse.go:63.2,63.17 1 1
github.com/jamestunnell/go-musicality/notation/pitch/parse.go:67.2,69.20 2 1
github.com/jamestunnell/go-musicality/notation/pitch/parse.go:80.2,82.19 2 1
github.com/jamestunnell/go-musicality/notation/pitch/parse.go:88.2,88.25 1 1
github.com/jamestunnell/go-musicality/notation/pitch/parse.go:92.2,93.16 2 1
github.com/jamestunnell/go-musicality/notation/pitch/parse.go:97.2,97.30 1 1
github.com/jamestunnell/go-musicality/notation/pitch/parse.go:54.17,56.3 1 0
github.com/jamestunnell/go-musicality/notation/pitch/parse.go:59.12,61.3 1 1
github.com/jamestunnell/go-musicality/notation/pitch/parse.go:63.17,65.3 1 0
github.com/jamestunnell/go-musicality/notation/pitch/parse.go:70.11,73.23 2 1
github.com/jamestunnell/go-musicality/notation/pitch/parse.go:74.11,77.23 2 1
github.com/jamestunnell/go-musicality/notation/pitch/parse.go:82.19,84.3 1 1
github.com/jamestunnell/go-musicality/notation/pitch/parse.go:84.8,86.3 1 1
github.com/jamestunnell/go-musicality/notation/pitch/parse.go:88.25,90.3 1 0
github.com/jamestunnell/go-musicality/notation/pitch/parse.go:93.16,95.3 1 1
github.com/jamestunnell/go-musicality/notation/pitch/pitch.go:21.39,27.2 3 1
github.com/jamestunnell/go-musicality/notation/pitch/pitch.go:29.40,31.16 2 1
github.com/jamestunnell/go-musicality/notation/pitch/pitch.go:35.2,35.35 1 1
github.com/jamestunnell/go-musicality/notation/pitch/pitch.go:31.16,33.3 1 1
github.com/jamestunnell/go-musicality/notation/pitch/pitch.go:38.42,40.2 1 1
github.com/jamestunnell/go-musicality/notation/pitch/pitch.go:42.40,44.2 1 1
github.com/jamestunnell/go-musicality/notation/pitch/pitch.go:46.43,49.14 2 1
github.com/jamestunnell/go-musicality/notation/pitch/pitch.go:53.2,53.14 1 1
github.com/jamestunnell/go-musicality/notation/pitch/pitch.go:57.2,57.10 1 1
github.com/jamestunnell/go-musicality/notation/pitch/pitch.go:49.14,51.3 1 1
github.com/jamestunnell/go-musicality/notation/pitch/pitch.go:53.14,55.3 1 1
github.com/jamestunnell/go-musicality/notation/pitch/pitch.go:60.30,62.2 1 1
github.com/jamestunnell/go-musicality/notation/pitch/pitch.go:64.32,66.2 1 1
github.com/jamestunnell/go-musicality/notation/pitch/pitch.go:68.33,70.2 1 1
github.com/jamestunnell/go-musicality/notation/pitch/pitch.go:72.32,74.2 1 1
github.com/jamestunnell/go-musicality/notation/pitch/pitch.go:76.49,78.2 1 1
github.com/jamestunnell/go-musicality/notation/pitch/pitch.go:80.33,82.2 1 1
github.com/jamestunnell/go-musicality/notation/pitch/pitch.go:84.37,86.2 1 1
github.com/jamestunnell/go-musicality/notation/pitch/pitch.go:88.47,92.2 2 1
github.com/jamestunnell/go-musicality/notation/pitch/pitch.go:94.47,98.46 3 1
github.com/jamestunnell/go-musicality/notation/pitch/pitch.go:102.2,105.16 3 1
github.com/jamestunnell/go-musicality/notation/pitch/pitch.go:109.2,112.12 3 1
github.com/jamestunnell/go-musicality/notation/pitch/pitch.go:98.46,100.3 1 0
github.com/jamestunnell/go-musicality/notation/pitch/pitch.go:105.16,107.3 1 0
github.com/jamestunnell/go-musicality/notation/pitch/pitch.go:115.27,116.56 1 1
github.com/jamestunnell/go-musicality/notation/pitch/pitch.go:116.56,120.3 3 1
github.com/jamestunnell/go-musicality/notation/pitch/pitch.go:123.46,125.2 1 1
github.com/jamestunnell/go-musicality/notation/pitch/pitches.go:5.29,7.2 1 1
github.com/jamestunnell/go-musicality/notation/pitch/pitches.go:9.38,11.23 2 1
github.com/jamestunnell/go-musicality/notation/pitch/pitches.go:15.2,15.13 1 1
github.com/jamestunnell/go-musicality/notation/pitch/pitches.go:11.23,13.3 1 1
github.com/jamestunnell/go-musicality/notation/pitch/pitches.go:18.34,20.2 1 1
github.com/jamestunnell/go-musicality/notation/pitch/pitches.go:22.39,24.2 1 1
github.com/jamestunnell/go-musicality/notation/pitch/set.go:7.37,12.28 2 1
github.com/jamestunnell/go-musicality/notation/pitch/set.go:16.2,16.11 1 1
github.com/jamestunnell/go-musicality/notation/pitch/set.go:12.28,14.3 1 1
github.com/jamestunnell/go-musicality/notation/pitch/set.go:19.34,21.2 1 1
github.com/jamestunnell/go-musicality/notation/pitch/set.go:23.26,25.2 1 1
github.com/jamestunnell/go-musicality/notation/pitch/set.go:27.39,28.29 1 1
github.com/jamestunnell/go-musicality/notation/pitch/set.go:32.2,32.31 1 1
github.com/jamestunnell/go-musicality/notation/pitch/set.go:38.2,38.13 1 1
github.com/jamestunnell/go-musicality/notation/pitch/set.go:28.29,30.3 1 1
github.com/jamestunnell/go-musicality/notation/pitch/set.go:32.31,33.25 1 1
github.com/jamestunnell/go-musicality/notation/pitch/set.go:33.25,35.4 1 1
github.com/jamestunnell/go-musicality/notation/pitch/set.go:41.39,44.31 2 1
github.com/jamestunnell/go-musicality/notation/pitch/set.go:48.2,48.34 1 1
github.com/jamestunnell/go-musicality/notation/pitch/set.go:54.2,54.29 1 1
github.com/jamestunnell/go-musicality/notation/pitch/set.go:44.31,46.3 1 1
github.com/jamestunnell/go-musicality/notation/pitch/set.go:48.34,49.30 1 1
github.com/jamestunnell/go-musicality/notation/pitch/set.go:49.30,51.4 1 1
github.com/jamestunnell/go-musicality/notation/pitch/set.go:57.43,60.31 2 1
github.com/jamestunnell/go-musicality/notation/pitch/set.go:66.2,66.33 1 1
github.com/jamestunnell/go-musicality/notation/pitch/set.go:60.31,61.24 1 1
github.com/jamestunnell/go-musicality/notation/pitch/set.go:61.24,63.4 1 1
github.com/jamestunnell/go-musicality/notation/pitch/set.go:69.38,72.31 2 1
github.com/jamestunnell/go-musicality/notation/pitch/set.go:78.2,80.3 1 1
github.com/jamestunnell/go-musicality/notation/pitch/set.go:72.31,73.25 1 1
github.com/jamestunnell/go-musicality/notation/pitch/set.go:73.25,75.4 1 1
github.com/jamestunnell/go-musicality/notation/pitch/set.go:83.30,84.25 1 1
github.com/jamestunnell/go-musicality/notation/pitch/set.go:84.25,86.3 1 1
github.com/jamestunnell/go-musicality/notation/pitch/set.go:89.38,91.15 2 1
github.com/jamestunnell/go-musicality/notation/pitch/set.go:95.2,97.13 2 1
github.com/jamestunnell/go-musicality/notation/pitch/set.go:91.15,93.3 1 1
github.com/jamestunnell/go-musicality/notation/pitch/set.go:100.42,102.2 1 1
github.com/jamestunnell/go-musicality/notation/pitch/set.go:104.40,106.2 1 1
github.com/jamestunnell/go-musicality/notation/pitch/set.go:108.47,109.28 1 1
github.com/jamestunnell/go-musicality/notation/pitch/set.go:115.2,115.11 1 1
github.com/jamestunnell/go-musicality/notation/pitch/set.go:109.28,110.19 1 1
github.com/jamestunnell/go-musicality/notation/pitch/set.go:110.19,112.4 1 1
